19:34:27.428 [main] INFO  - Got into the Cruise booking website
19:34:27.613 [main] INFO  - Window maximized
19:34:27.827 [main] INFO  - Cookies deleted
19:34:36.373 [main] INFO  - Cruise line is set
19:34:43.126 [main] INFO  - Uniques Cruises are printed and stored in excel
19:34:51.598 [main] INFO  - First cruise is clicked
19:34:51.945 [main] INFO  - Complete details of the cruise is printed and stored
19:35:10.774 [main] INFO  - Website opened
19:35:13.947 [main] INFO  - Window maximized
19:35:14.602 [main] INFO  - Deleted all cookies
19:35:25.497 [main] INFO  - Search input is given
19:35:26.624 [main] INFO  - Date input is given
19:35:27.469 [main] INFO  - Occupancy details are given
19:35:32.963 [main] INFO  - Verifying if the search appears
19:35:44.336 [main] INFO  - Holiday homes are set as preferences
19:35:51.282 [main] INFO  - Sorted according to the highest priority
19:35:58.618 [main] INFO  - Got hotel names with rent fee printed on console and stored on excel sheet
10:41:13.236 [main] INFO  - Got into the Cruise booking website
10:41:13.358 [main] INFO  - Window maximized
10:41:13.440 [main] INFO  - Cookies deleted
10:41:22.144 [main] INFO  - Cruise line is set
10:41:33.667 [main] INFO  - Uniques Cruises are printed and stored in excel
10:41:51.332 [main] INFO  - First cruise is clicked
10:41:51.640 [main] INFO  - Complete details of the cruise is printed and stored
10:42:43.636 [main] INFO  - Website opened
10:42:43.786 [main] INFO  - Window maximized
10:42:43.905 [main] INFO  - Deleted all cookies
10:42:54.642 [main] INFO  - Search input is given
10:42:56.093 [main] INFO  - Date input is given
10:42:56.776 [main] INFO  - Occupancy details are given
10:43:02.213 [main] INFO  - Verifying if the search appears
10:43:13.699 [main] INFO  - Holiday homes are set as preferences
10:43:16.497 [main] INFO  - Sorted according to the highest priority
10:43:24.648 [main] INFO  - Got hotel names with rent fee printed on console and stored on excel sheet
10:59:18.441 [main] INFO  - Got into the Cruise booking website
10:59:18.619 [main] INFO  - Window maximized
10:59:18.837 [main] INFO  - Cookies deleted
10:59:25.080 [main] INFO  - Cruise line is set
10:59:31.870 [main] INFO  - Uniques Cruises are printed and stored in excel
10:59:38.189 [main] INFO  - First cruise is clicked
10:59:38.465 [main] INFO  - Complete details of the cruise is printed and stored
10:59:57.291 [main] INFO  - Website opened
10:59:57.478 [main] INFO  - Window maximized
10:59:57.897 [main] INFO  - Deleted all cookies
11:00:08.427 [main] INFO  - Search input is given
11:00:09.255 [main] INFO  - Date input is given
11:00:09.893 [main] INFO  - Occupancy details are given
11:00:16.055 [main] INFO  - Verifying if the search appears
11:00:27.246 [main] INFO  - Holiday homes are set as preferences
11:00:28.860 [main] INFO  - Sorted according to the highest priority
11:00:34.905 [main] INFO  - Got hotel names with rent fee printed on console and stored on excel sheet
12:40:23.457 [main] INFO  - Got into the Cruise booking website
12:40:23.590 [main] INFO  - Window maximized
12:40:23.687 [main] INFO  - Cookies deleted
12:40:30.429 [main] INFO  - Cruise line is set
12:40:35.359 [main] INFO  - Uniques Cruises are printed and stored in excel
12:40:43.136 [main] INFO  - First cruise is clicked
12:40:43.321 [main] INFO  - Complete details of the cruise is printed and stored
12:40:51.726 [main] INFO  - Website opened
12:40:51.841 [main] INFO  - Window maximized
12:40:52.122 [main] INFO  - Deleted all cookies
12:40:53.366 [main] INFO  - Search input is given
12:40:54.400 [main] INFO  - Date input is given
12:40:54.948 [main] INFO  - Occupancy details are given
12:40:59.070 [main] INFO  - Verifying if the search appears
12:41:19.867 [main] INFO  - Holiday homes are set as preferences
12:41:22.435 [main] INFO  - Sorted according to the highest priority
12:41:29.802 [main] INFO  - Got hotel names with rent fee printed on console and stored on excel sheet
12:38:45.776 [main] INFO  - Got into the Cruise booking website
12:38:45.898 [main] INFO  - Window maximized
12:38:45.985 [main] INFO  - Cookies deleted
12:38:49.805 [main] INFO  - Cruise line is set
12:39:20.231 [main] INFO  - Uniques Cruises are printed and stored in excel
12:40:25.344 [main] INFO  - First cruise is clicked
12:40:25.592 [main] INFO  - Complete details of the cruise is printed and stored
12:41:12.619 [main] INFO  - Website opened
12:41:12.754 [main] INFO  - Window maximized
12:41:12.819 [main] INFO  - Deleted all cookies
12:41:23.789 [main] INFO  - Search input is given
12:41:25.031 [main] INFO  - Date input is given
12:41:25.644 [main] INFO  - Occupancy details are given
12:41:30.078 [main] INFO  - Verifying if the search appears
12:41:33.064 [main] INFO  - Holiday homes are set as preferences
12:41:35.499 [main] INFO  - Sorted according to the highest priority
12:41:41.380 [main] INFO  - Got hotel names with rent fee printed on console and stored on excel sheet
10:53:12.482 [main] INFO  - Got into the Cruise booking website
10:53:12.608 [main] INFO  - Window maximized
10:53:12.628 [main] INFO  - Cookies deleted
10:54:21.639 [main] INFO  - Website opened
10:54:21.767 [main] INFO  - Window maximized
10:54:21.822 [main] INFO  - Deleted all cookies
10:54:32.858 [main] INFO  - Search input is given
10:54:34.212 [main] INFO  - Date input is given
10:54:34.890 [main] INFO  - Occupancy details are given
10:54:38.791 [main] INFO  - Verifying if the search appears
10:54:40.394 [main] INFO  - Holiday homes are set as preferences
10:54:42.490 [main] INFO  - Sorted according to the highest priority
10:54:48.678 [main] INFO  - Got hotel names with rent fee printed on console and stored on excel sheet
10:59:11.112 [main] INFO  - Got into the Cruise booking website
10:59:11.238 [main] INFO  - Window maximized
10:59:11.312 [main] INFO  - Cookies deleted
10:59:12.877 [main] INFO  - Cruise line is set
10:59:49.953 [main] INFO  - Uniques Cruises are printed and stored in excel
11:00:24.941 [main] INFO  - First cruise is clicked
11:00:25.247 [main] INFO  - Complete details of the cruise is printed and stored
11:01:08.108 [main] INFO  - Website opened
11:01:08.249 [main] INFO  - Window maximized
11:01:08.319 [main] INFO  - Deleted all cookies
11:01:19.499 [main] INFO  - Search input is given
11:01:20.867 [main] INFO  - Date input is given
11:01:21.585 [main] INFO  - Occupancy details are given
11:01:25.586 [main] INFO  - Verifying if the search appears
11:01:27.470 [main] INFO  - Holiday homes are set as preferences
11:01:29.618 [main] INFO  - Sorted according to the highest priority
11:01:36.369 [main] INFO  - Got hotel names with rent fee printed on console and stored on excel sheet
11:07:55.220 [main] INFO  - Got into the Cruise booking website
11:07:55.355 [main] INFO  - Window maximized
11:07:55.597 [main] INFO  - Cookies deleted
11:07:57.535 [main] INFO  - Cruise line is set
11:08:07.641 [main] INFO  - Uniques Cruises are printed and stored in excel
11:08:26.824 [main] INFO  - First cruise is clicked
11:08:27.095 [main] INFO  - Complete details of the cruise is printed and stored
11:09:11.937 [main] INFO  - Website opened
11:09:12.260 [main] INFO  - Window maximized
11:09:12.481 [main] INFO  - Deleted all cookies
11:09:23.162 [main] INFO  - Search input is given
11:09:24.349 [main] INFO  - Date input is given
11:09:25.170 [main] INFO  - Occupancy details are given
11:09:30.581 [main] INFO  - Verifying if the search appears
11:09:41.645 [main] INFO  - Holiday homes are set as preferences
11:09:44.028 [main] INFO  - Sorted according to the highest priority
11:09:54.141 [main] INFO  - Got hotel names with rent fee printed on console and stored on excel sheet
15:09:08.125 [main] INFO  - Got into the Cruise booking website
15:09:08.307 [main] INFO  - Window maximized
15:09:08.513 [main] INFO  - Cookies deleted
15:09:17.418 [main] INFO  - Cruise line is set
15:09:23.921 [main] INFO  - Uniques Cruises are printed and stored in excel
15:09:32.921 [main] INFO  - First cruise is clicked
15:09:33.176 [main] INFO  - Complete details of the cruise is printed and stored
15:09:46.739 [main] INFO  - Website opened
15:09:46.857 [main] INFO  - Window maximized
15:09:46.922 [main] INFO  - Deleted all cookies
15:09:48.873 [main] INFO  - Search input is given
15:09:50.156 [main] INFO  - Date input is given
15:09:50.851 [main] INFO  - Occupancy details are given
15:09:53.894 [main] INFO  - Verifying if the search appears
15:10:05.845 [main] INFO  - Holiday homes are set as preferences
15:10:07.902 [main] INFO  - Sorted according to the highest priority
15:10:12.732 [main] INFO  - Got hotel names with rent fee printed on console and stored on excel sheet
15:15:53.430 [main] INFO  - Got into the Cruise booking website
15:15:53.567 [main] INFO  - Window maximized
15:15:53.640 [main] INFO  - Cookies deleted
15:16:01.147 [main] INFO  - Cruise line is set
15:16:06.506 [main] INFO  - Uniques Cruises are printed and stored in excel
15:16:12.618 [main] INFO  - First cruise is clicked
15:16:12.881 [main] INFO  - Complete details of the cruise is printed and stored
15:16:25.964 [main] INFO  - Website opened
15:16:26.093 [main] INFO  - Window maximized
15:16:26.171 [main] INFO  - Deleted all cookies
15:16:28.573 [main] INFO  - Search input is given
15:16:29.854 [main] INFO  - Date input is given
15:16:30.526 [main] INFO  - Occupancy details are given
15:16:33.824 [main] INFO  - Verifying if the search appears
15:16:45.691 [main] INFO  - Holiday homes are set as preferences
15:16:47.354 [main] INFO  - Sorted according to the highest priority
15:16:52.576 [main] INFO  - Got hotel names with rent fee printed on console and stored on excel sheet
15:26:04.286 [main] INFO  - Got into the Cruise booking website
15:26:04.478 [main] INFO  - Window maximized
15:26:04.605 [main] INFO  - Cookies deleted
15:26:12.644 [main] INFO  - Cruise line is set
15:26:19.120 [main] INFO  - Uniques Cruises are printed and stored in excel
15:26:25.251 [main] INFO  - First cruise is clicked
15:26:25.533 [main] INFO  - Complete details of the cruise is printed and stored
15:26:36.646 [main] INFO  - Website opened
15:26:37.732 [main] INFO  - Window maximized
15:26:37.795 [main] INFO  - Deleted all cookies
15:26:40.524 [main] INFO  - Search input is given
15:26:41.963 [main] INFO  - Date input is given
15:26:42.701 [main] INFO  - Occupancy details are given
15:26:47.122 [main] INFO  - Verifying if the search appears
15:26:58.014 [main] INFO  - Holiday homes are set as preferences
15:26:59.919 [main] INFO  - Sorted according to the highest priority
15:27:08.917 [main] INFO  - Got hotel names with rent fee printed on console and stored on excel sheet
15:44:29.840 [main] INFO  - Got into the Cruise booking website
15:44:29.976 [main] INFO  - Window maximized
15:44:30.087 [main] INFO  - Cookies deleted
15:44:39.310 [main] INFO  - Cruise line is set
15:44:44.350 [main] INFO  - Uniques Cruises are printed and stored in excel
15:44:53.524 [main] INFO  - First cruise is clicked
15:44:53.770 [main] INFO  - Complete details of the cruise is printed and stored
15:45:06.113 [main] INFO  - Website opened
15:45:06.252 [main] INFO  - Window maximized
15:45:06.337 [main] INFO  - Deleted all cookies
15:45:08.818 [main] INFO  - Search input is given
15:45:09.752 [main] INFO  - Date input is given
15:45:10.303 [main] INFO  - Occupancy details are given
15:45:14.317 [main] INFO  - Verifying if the search appears
15:45:25.438 [main] INFO  - Holiday homes are set as preferences
15:45:27.440 [main] INFO  - Sorted according to the highest priority
15:45:35.986 [main] INFO  - Got hotel names with rent fee printed on console and stored on excel sheet
20:24:18.559 [main] INFO  - Got into the Cruise booking website
20:24:18.676 [main] INFO  - Window maximized
20:24:18.734 [main] INFO  - Cookies deleted
20:24:29.935 [main] INFO  - Cruise line is set
20:24:35.145 [main] INFO  - Uniques Cruises are printed and stored in excel
20:24:41.840 [main] INFO  - First cruise is clicked
20:24:42.111 [main] INFO  - Complete details of the cruise is printed and stored
20:24:56.019 [main] INFO  - Website opened
20:24:56.146 [main] INFO  - Window maximized
20:24:56.218 [main] INFO  - Deleted all cookies
20:24:58.038 [main] INFO  - Search input is given
20:24:59.217 [main] INFO  - Date input is given
20:24:59.891 [main] INFO  - Occupancy details are given
20:25:03.965 [main] INFO  - Verifying if the search appears
20:25:24.655 [main] INFO  - Holiday homes are set as preferences
20:25:26.606 [main] INFO  - Sorted according to the highest priority
20:25:27.075 [main] INFO  - Trying to set elevator access option
20:25:28.744 [main] INFO  - Got hotel names with rent fee printed on console and stored on excel sheet
20:39:04.625 [main] INFO  - Got into the Cruise booking website
20:39:04.767 [main] INFO  - Window maximized
20:39:04.834 [main] INFO  - Cookies deleted
20:39:41.489 [main] INFO  - Website opened
20:39:41.615 [main] INFO  - Window maximized
20:39:41.686 [main] INFO  - Deleted all cookies
20:39:43.444 [main] INFO  - Search input is given
20:39:44.665 [main] INFO  - Date input is given
20:39:45.373 [main] INFO  - Occupancy details are given
20:39:48.982 [main] INFO  - Verifying if the search appears
20:40:09.825 [main] INFO  - Holiday homes are set as preferences
20:40:11.642 [main] INFO  - Sorted according to the highest priority
20:40:12.156 [main] INFO  - Trying to set elevator access option
20:40:14.506 [main] INFO  - Got hotel names with rent fee printed on console and stored on excel sheet
20:41:51.977 [main] INFO  - Got into the Cruise booking website
20:41:52.112 [main] INFO  - Window maximized
20:41:52.176 [main] INFO  - Cookies deleted
20:41:59.825 [main] INFO  - Cruise line is set
20:42:04.458 [main] INFO  - Uniques Cruises are printed and stored in excel
20:42:09.274 [main] INFO  - First cruise is clicked
20:42:09.556 [main] INFO  - Complete details of the cruise is printed and stored
20:42:30.966 [main] INFO  - Website opened
20:42:31.224 [main] INFO  - Window maximized
20:42:31.466 [main] INFO  - Deleted all cookies
20:42:32.815 [main] INFO  - Search input is given
20:42:33.967 [main] INFO  - Date input is given
20:42:34.664 [main] INFO  - Occupancy details are given
20:42:38.357 [main] INFO  - Verifying if the search appears
20:42:49.069 [main] INFO  - Holiday homes are set as preferences
20:42:50.972 [main] INFO  - Sorted according to the highest priority
20:42:51.428 [main] INFO  - Trying to set elevator access option
20:42:52.716 [main] INFO  - Got hotel names with rent fee printed on console and stored on excel sheet
13:53:43.872 [main] INFO  - Got into the Cruise booking website
13:53:44.187 [main] INFO  - Window maximized
13:53:44.444 [main] INFO  - Cookies deleted
13:53:48.375 [main] INFO  - Cruise line is set
13:53:57.991 [main] INFO  - Uniques Cruises are printed and stored in excel
13:54:09.007 [main] INFO  - First cruise is clicked
13:54:09.464 [main] INFO  - Checking for languages and gets complete details of the cruise and the same is printed and stored
13:54:41.315 [main] INFO  - Website opened
13:54:41.455 [main] INFO  - Window maximized
13:54:41.563 [main] INFO  - Deleted all cookies
13:54:44.798 [main] INFO  - Search input is given
13:54:47.255 [main] INFO  - Date input is given
13:54:48.163 [main] INFO  - Occupancy details are given
13:54:56.739 [main] INFO  - Verifying if the search appears
13:55:18.026 [main] INFO  - Holiday homes are set as preferences
13:55:20.487 [main] INFO  - Sorted according to the highest priority
13:55:21.262 [main] INFO  - Trying to set elevator access option
13:55:23.892 [main] INFO  - Got hotel names with rent fee printed on console and stored on excel sheet
14:16:55.375 [main] INFO  - Got into the Cruise booking website
14:17:00.229 [main] INFO  - Window maximized
14:17:00.344 [main] INFO  - Cookies deleted
14:17:10.195 [main] INFO  - Cruise line is set
14:17:16.513 [main] INFO  - Uniques Cruises are printed and stored in excel
14:17:22.767 [main] INFO  - First cruise is clicked
14:17:23.113 [main] INFO  - Checking for languages and gets complete details of the cruise and the same is printed and stored
14:17:50.144 [main] INFO  - Website opened
14:17:50.299 [main] INFO  - Window maximized
14:17:50.864 [main] INFO  - Deleted all cookies
14:17:53.051 [main] INFO  - Search input is given
14:17:54.289 [main] INFO  - Date input is given
14:17:55.028 [main] INFO  - Occupancy details are given
14:18:00.242 [main] INFO  - Verifying if the search appears
14:18:11.251 [main] INFO  - Holiday homes are set as preferences
14:18:14.040 [main] INFO  - Sorted according to the highest priority
14:18:14.876 [main] INFO  - Trying to set elevator access option
14:18:16.775 [main] INFO  - Got hotel names with rent fee printed on console and stored on excel sheet
14:19:04.304 [main] INFO  - Got into the Cruise booking website
14:19:04.433 [main] INFO  - Window maximized
14:19:04.585 [main] INFO  - Cookies deleted
14:19:08.923 [main] INFO  - Cruise line is set
14:19:15.477 [main] INFO  - Uniques Cruises are printed and stored in excel
14:19:20.186 [main] INFO  - First cruise is clicked
14:19:20.536 [main] INFO  - Checking for languages and gets complete details of the cruise and the same is printed and stored
14:19:48.155 [main] INFO  - Website opened
14:19:48.281 [main] INFO  - Window maximized
14:19:48.409 [main] INFO  - Deleted all cookies
14:19:51.380 [main] INFO  - Search input is given
14:19:53.476 [main] INFO  - Date input is given
14:19:54.708 [main] INFO  - Occupancy details are given
14:19:59.335 [main] INFO  - Verifying if the search appears
14:20:20.922 [main] INFO  - Holiday homes are set as preferences
14:20:23.901 [main] INFO  - Sorted according to the highest priority
14:20:25.785 [main] INFO  - Trying to set elevator access option
14:20:27.745 [main] INFO  - Got hotel names with rent fee printed on console and stored on excel sheet
14:52:01.095 [main] INFO  - Got into the Cruise booking website
14:52:01.165 [main] INFO  - Window maximized
14:52:01.270 [main] INFO  - Cookies deleted
14:52:08.823 [main] INFO  - Cruise line is set
14:52:14.030 [main] INFO  - Uniques Cruises are printed and stored in excel
14:52:19.006 [main] INFO  - First cruise is clicked
14:52:19.354 [main] INFO  - Checking for languages and gets complete details of the cruise and the same is printed and stored
14:53:44.374 [main] INFO  - Website opened
14:53:44.450 [main] INFO  - Window maximized
14:53:44.536 [main] INFO  - Deleted all cookies
14:54:00.122 [main] INFO  - Search input is given
14:54:01.828 [main] INFO  - Date input is given
14:54:02.659 [main] INFO  - Occupancy details are given
14:54:06.592 [main] INFO  - Verifying if the search appears
14:54:42.253 [main] INFO  - Holiday homes are set as preferences
14:54:45.056 [main] INFO  - Sorted according to the highest priority
14:54:45.988 [main] INFO  - Trying to set elevator access option
14:54:48.184 [main] INFO  - Got hotel names with rent fee printed on console and stored on excel sheet
14:55:43.646 [main] INFO  - Got into the Cruise booking website
14:55:43.715 [main] INFO  - Window maximized
14:55:43.817 [main] INFO  - Cookies deleted
14:55:51.912 [main] INFO  - Cruise line is set
14:55:56.639 [main] INFO  - Uniques Cruises are printed and stored in excel
14:56:03.857 [main] INFO  - First cruise is clicked
14:56:04.096 [main] INFO  - Checking for languages and gets complete details of the cruise and the same is printed and stored
14:56:27.432 [main] INFO  - Website opened
14:56:27.496 [main] INFO  - Window maximized
14:56:27.731 [main] INFO  - Deleted all cookies
14:56:29.155 [main] INFO  - Search input is given
14:56:30.515 [main] INFO  - Date input is given
14:56:31.164 [main] INFO  - Occupancy details are given
14:56:35.012 [main] INFO  - Verifying if the search appears
14:56:55.736 [main] INFO  - Holiday homes are set as preferences
14:56:57.587 [main] INFO  - Sorted according to the highest priority
14:56:58.068 [main] INFO  - Trying to set elevator access option
14:56:59.399 [main] INFO  - Got hotel names with rent fee printed on console and stored on excel sheet
14:57:40.196 [main] INFO  - Got into the Cruise booking website
14:57:40.320 [main] INFO  - Window maximized
14:57:40.398 [main] INFO  - Cookies deleted
14:57:48.863 [main] INFO  - Cruise line is set
14:57:53.115 [main] INFO  - Uniques Cruises are printed and stored in excel
14:57:57.982 [main] INFO  - First cruise is clicked
14:57:58.280 [main] INFO  - Checking for languages and gets complete details of the cruise and the same is printed and stored
14:58:20.548 [main] INFO  - Website opened
14:58:20.866 [main] INFO  - Window maximized
14:58:21.076 [main] INFO  - Deleted all cookies
14:58:22.478 [main] INFO  - Search input is given
14:58:23.744 [main] INFO  - Date input is given
14:58:24.474 [main] INFO  - Occupancy details are given
14:58:28.067 [main] INFO  - Verifying if the search appears
14:58:48.923 [main] INFO  - Holiday homes are set as preferences
14:58:50.721 [main] INFO  - Sorted according to the highest priority
14:58:51.276 [main] INFO  - Trying to set elevator access option
14:58:52.594 [main] INFO  - Got hotel names with rent fee printed on console and stored on excel sheet
14:59:55.726 [main] INFO  - Got into the Cruise booking website
14:59:55.955 [main] INFO  - Window maximized
14:59:56.032 [main] INFO  - Cookies deleted
15:00:03.412 [main] INFO  - Cruise line is set
15:00:08.758 [main] INFO  - Uniques Cruises are printed and stored in excel
15:00:17.056 [main] INFO  - First cruise is clicked
15:00:17.314 [main] INFO  - Checking for languages and gets complete details of the cruise and the same is printed and stored
15:01:03.136 [main] INFO  - Website opened
15:01:03.262 [main] INFO  - Window maximized
15:01:03.325 [main] INFO  - Deleted all cookies
15:01:14.020 [main] INFO  - Search input is given
15:01:15.110 [main] INFO  - Date input is given
15:01:15.711 [main] INFO  - Occupancy details are given
15:01:19.521 [main] INFO  - Verifying if the search appears
15:01:40.252 [main] INFO  - Holiday homes are set as preferences
15:01:42.095 [main] INFO  - Sorted according to the highest priority
15:01:42.654 [main] INFO  - Trying to set elevator access option
15:01:44.982 [main] INFO  - Got hotel names with rent fee printed on console and stored on excel sheet
15:51:27.661 [main] INFO  - Got into the Cruise booking website
15:51:27.882 [main] INFO  - Window maximized
15:51:28.024 [main] INFO  - Cookies deleted
15:51:37.836 [main] INFO  - Cruise line is set
15:51:47.543 [main] INFO  - Uniques Cruises are printed and stored in excel
15:52:17.520 [main] INFO  - First cruise is clicked
15:52:17.900 [main] INFO  - Checking for languages and gets complete details of the cruise and the same is printed and stored
15:52:54.039 [main] INFO  - Website opened
15:52:54.193 [main] INFO  - Window maximized
15:52:54.821 [main] INFO  - Deleted all cookies
15:52:58.478 [main] INFO  - Search input is given
15:53:02.285 [main] INFO  - Date input is given
15:53:03.550 [main] INFO  - Occupancy details are given
15:53:09.029 [main] INFO  - Verifying if the search appears
15:53:31.389 [main] INFO  - Holiday homes are set as preferences
15:53:34.769 [main] INFO  - Sorted according to the highest priority
15:53:35.588 [main] INFO  - Trying to set elevator access option
15:53:38.426 [main] INFO  - Got hotel names with rent fee printed on console and stored on excel sheet
15:58:49.579 [main] INFO  - Got into the Cruise booking website
15:58:49.730 [main] INFO  - Window maximized
15:58:49.798 [main] INFO  - Cookies deleted
15:58:58.571 [main] INFO  - Cruise line is set
15:59:05.553 [main] INFO  - Uniques Cruises are printed and stored in excel
15:59:15.102 [main] INFO  - First cruise is clicked
15:59:15.594 [main] INFO  - Checking for languages and gets complete details of the cruise and the same is printed and stored
15:59:50.041 [main] INFO  - Website opened
15:59:50.213 [main] INFO  - Window maximized
15:59:50.448 [main] INFO  - Deleted all cookies
15:59:53.904 [main] INFO  - Search input is given
15:59:57.096 [main] INFO  - Date input is given
15:59:58.962 [main] INFO  - Occupancy details are given
16:00:10.188 [main] INFO  - Verifying if the search appears
16:00:33.390 [main] INFO  - Holiday homes are set as preferences
16:00:38.743 [main] INFO  - Sorted according to the highest priority
16:00:43.397 [main] INFO  - Trying to set elevator access option
16:00:47.369 [main] INFO  - Got hotel names with rent fee printed on console and stored on excel sheet
16:03:52.514 [main] INFO  - Got into the Cruise booking website
16:03:52.733 [main] INFO  - Window maximized
16:03:53.059 [main] INFO  - Cookies deleted
16:05:56.702 [main] INFO  - Website opened
16:05:57.755 [main] INFO  - Window maximized
16:05:58.133 [main] INFO  - Deleted all cookies
16:06:00.414 [main] INFO  - Search input is given
16:06:03.951 [main] INFO  - Date input is given
16:06:05.488 [main] INFO  - Occupancy details are given
16:06:15.034 [main] INFO  - Verifying if the search appears
16:06:36.461 [main] INFO  - Holiday homes are set as preferences
16:06:39.605 [main] INFO  - Sorted according to the highest priority
16:06:40.461 [main] INFO  - Trying to set elevator access option
16:06:43.300 [main] INFO  - Got hotel names with rent fee printed on console and stored on excel sheet
16:07:09.102 [main] INFO  - Got into the Cruise booking website
16:07:09.225 [main] INFO  - Window maximized
16:07:09.420 [main] INFO  - Cookies deleted
16:07:19.389 [main] INFO  - Cruise line is set
16:07:23.871 [main] INFO  - Uniques Cruises are printed and stored in excel
16:07:31.838 [main] INFO  - First cruise is clicked
16:07:32.380 [main] INFO  - Checking for languages and gets complete details of the cruise and the same is printed and stored
16:20:17.504 [main] INFO  - Website opened
16:20:17.826 [main] INFO  - Window maximized
16:20:17.907 [main] INFO  - Deleted all cookies
16:20:20.041 [main] INFO  - Search input is given
16:20:21.725 [main] INFO  - Date input is given
16:20:22.470 [main] INFO  - Occupancy details are given
16:20:27.638 [main] INFO  - Verifying if the search appears
16:20:48.906 [main] INFO  - Holiday homes are set as preferences
16:20:50.979 [main] INFO  - Sorted according to the highest priority
16:20:51.492 [main] INFO  - Trying to set elevator access option
16:20:54.039 [main] INFO  - Got hotel names with rent fee printed on console and stored on excel sheet
16:22:42.112 [main] INFO  - Got into the Cruise booking website
16:22:42.251 [main] INFO  - Window maximized
16:22:42.363 [main] INFO  - Cookies deleted
16:29:42.693 [main] INFO  - Website opened
16:29:42.824 [main] INFO  - Window maximized
16:29:42.898 [main] INFO  - Deleted all cookies
16:29:44.454 [main] INFO  - Search input is given
16:29:46.350 [main] INFO  - Date input is given
16:29:47.173 [main] INFO  - Occupancy details are given
14:45:49.786 [main] INFO  - Website opened
14:45:49.957 [main] INFO  - Window maximized
14:45:50.066 [main] INFO  - Deleted all cookies
14:46:02.684 [main] INFO  - Search input is given
14:46:05.619 [main] INFO  - Date input is given
14:46:07.080 [main] INFO  - Occupancy details are given
14:46:14.293 [main] INFO  - Verifying if the search appears
14:46:52.256 [main] INFO  - Website opened
14:46:52.518 [main] INFO  - Window maximized
14:46:52.668 [main] INFO  - Deleted all cookies
14:47:04.744 [main] INFO  - Search input is given
14:47:07.509 [main] INFO  - Date input is given
14:47:08.745 [main] INFO  - Occupancy details are given
14:47:35.168 [main] INFO  - Website opened
14:47:35.390 [main] INFO  - Window maximized
14:47:35.574 [main] INFO  - Deleted all cookies
14:47:47.807 [main] INFO  - Search input is given
14:47:51.223 [main] INFO  - Date input is given
14:47:52.837 [main] INFO  - Occupancy details are given
14:47:59.674 [main] INFO  - Verifying if the search appears
14:48:10.672 [main] INFO  - Holiday homes are set as preferences
14:48:14.329 [main] INFO  - Sorted according to the highest priority
14:48:16.612 [main] INFO  - Trying to set elevator access option
14:48:20.464 [main] INFO  - Got hotel names with rent fee printed on console and stored on excel sheet
14:48:51.695 [main] INFO  - Got into the Cruise booking website
14:48:51.855 [main] INFO  - Window maximized
14:48:52.058 [main] INFO  - Cookies deleted
14:48:54.657 [main] INFO  - Cruise line is set
14:49:03.437 [main] INFO  - Uniques Cruises are printed and stored in excel
14:49:11.069 [main] INFO  - First cruise is clicked
14:49:11.503 [main] INFO  - Checking for languages and gets complete details of the cruise and the same is printed and stored
14:56:08.586 [main] INFO  - Website opened
14:56:08.987 [main] INFO  - Window maximized
14:56:09.121 [main] INFO  - Deleted all cookies
14:56:23.914 [main] INFO  - Got into the Cruise booking website
14:57:18.123 [main] INFO  - Website opened
14:57:18.429 [main] INFO  - Window maximized
14:57:18.748 [main] INFO  - Deleted all cookies
14:57:30.752 [main] INFO  - Search input is given
14:57:33.179 [main] INFO  - Date input is given
14:57:34.641 [main] INFO  - Occupancy details are given
14:57:40.305 [main] INFO  - Verifying if the search appears
14:57:51.401 [main] INFO  - Holiday homes are set as preferences
14:57:54.407 [main] INFO  - Sorted according to the highest priority
14:57:55.329 [main] INFO  - Trying to set elevator access option
14:57:59.101 [main] INFO  - Got hotel names with rent fee printed on console and stored on excel sheet
14:58:42.544 [main] INFO  - Got into the Cruise booking website
14:58:42.727 [main] INFO  - Window maximized
14:58:42.851 [main] INFO  - Cookies deleted
14:58:54.641 [main] INFO  - Cruise line is set
14:59:00.472 [main] INFO  - Uniques Cruises are printed and stored in excel
14:59:07.577 [main] INFO  - First cruise is clicked
14:59:08.000 [main] INFO  - Checking for languages and gets complete details of the cruise and the same is printed and stored
17:13:47.239 [main] INFO  - Website opened
17:13:47.389 [main] INFO  - Window maximized
17:13:47.604 [main] INFO  - Deleted all cookies
17:13:49.157 [main] INFO  - Search input is given
17:13:50.422 [main] INFO  - Date input is given
17:13:50.988 [main] INFO  - Occupancy details are given
17:13:54.400 [main] INFO  - Verifying if the search appears
17:14:05.099 [main] INFO  - Holiday homes are set as preferences
17:14:07.294 [main] INFO  - Sorted according to the highest priority
17:14:07.805 [main] INFO  - Trying to set elevator access option
17:14:10.280 [main] INFO  - Got hotel names with rent fee printed on console and stored on excel sheet
17:14:30.066 [main] INFO  - Got into the Cruise booking website
17:14:30.199 [main] INFO  - Window maximized
17:14:30.272 [main] INFO  - Cookies deleted
17:14:37.557 [main] INFO  - Cruise line is set
17:14:42.244 [main] INFO  - Uniques Cruises are printed and stored in excel
17:14:48.501 [main] INFO  - First cruise is clicked
17:14:48.706 [main] INFO  - Checking for languages and gets complete details of the cruise and the same is printed and stored
17:20:17.170 [main] INFO  - Website opened
17:20:17.298 [main] INFO  - Window maximized
17:20:17.351 [main] INFO  - Deleted all cookies
17:20:27.831 [main] INFO  - Search input is given
17:20:28.773 [main] INFO  - Date input is given
17:20:29.380 [main] INFO  - Occupancy details are given
17:20:34.868 [main] INFO  - Verifying if the search appears
17:20:55.906 [main] INFO  - Holiday homes are set as preferences
17:20:57.954 [main] INFO  - Sorted according to the highest priority
17:20:58.416 [main] INFO  - Trying to set elevator access option
17:21:00.587 [main] INFO  - Got hotel names with rent fee printed on console and stored on excel sheet
17:21:20.380 [main] INFO  - Got into the Cruise booking website
17:21:20.497 [main] INFO  - Window maximized
17:21:20.617 [main] INFO  - Cookies deleted
17:21:30.871 [main] INFO  - Cruise line is set
17:21:34.873 [main] INFO  - Uniques Cruises are printed and stored in excel
17:21:41.185 [main] INFO  - First cruise is clicked
17:21:41.441 [main] INFO  - Checking for languages and gets complete details of the cruise and the same is printed and stored
